\BOOKMARK [0][-]{dummy.1}{\376\377\000D\000e\000c\000l\000a\000r\000a\000t\000i\000o\000n}{}% 1
\BOOKMARK [0][-]{dummy.2}{\376\377\000D\000e\000d\000i\000c\000a\000t\000i\000o\000n}{}% 2
\BOOKMARK [0][-]{dummy.3}{\376\377\000C\000e\000r\000t\000i\000f\000i\000c\000a\000t\000i\000o\000n}{}% 3
\BOOKMARK [0][-]{dummy.4}{\376\377\000A\000c\000k\000n\000o\000w\000l\000e\000d\000g\000e\000m\000e\000n\000t}{}% 4
\BOOKMARK [0][-]{dummy.5}{\376\377\000A\000b\000s\000t\000r\000a\000c\000t}{}% 5
\BOOKMARK [0][-]{dummy.6}{\376\377\000C\000o\000n\000t\000e\000n\000t\000s}{}% 6
\BOOKMARK [0][-]{dummy.8}{\376\377\000L\000i\000s\000t\000\040\000o\000f\000\040\000F\000i\000g\000u\000r\000e\000s}{}% 7
\BOOKMARK [0][-]{dummy.10}{\376\377\000L\000i\000s\000t\000\040\000o\000f\000\040\000T\000a\000b\000l\000e\000s}{}% 8
\BOOKMARK [0][-]{dummy.12}{\376\377\000A\000b\000b\000r\000e\000v\000i\000a\000t\000i\000o\000n\000s}{}% 9
\BOOKMARK [0][-]{dummy.15}{\376\377\000P\000h\000y\000s\000i\000c\000a\000l\000\040\000C\000o\000n\000s\000t\000a\000n\000t\000s}{}% 10
\BOOKMARK [0][-]{dummy.18}{\376\377\000S\000y\000m\000b\000o\000l\000s}{}% 11
\BOOKMARK [0][-]{chapter.21}{\376\377\0001\000\040\000I\000N\000T\000R\000O\000D\000U\000C\000T\000I\000O\000N}{}% 12
\BOOKMARK [1][-]{section.22}{\376\377\0001\000.\0001\000\040\000W\000e\000l\000c\000o\000m\000e\000\040\000a\000n\000d\000\040\000T\000h\000a\000n\000k\000\040\000Y\000o\000u}{chapter.21}% 13
\BOOKMARK [1][-]{section.23}{\376\377\0001\000.\0002\000\040\000L\000e\000a\000r\000n\000i\000n\000g\000\040\000L\000a\000T\000e\000X}{chapter.21}% 14
\BOOKMARK [2][-]{subsection.24}{\376\377\0001\000.\0002\000.\0001\000\040\000A\000\040\000\050\000n\000o\000t\000\040\000s\000o\000\040\000s\000h\000o\000r\000t\000\051\000\040\000I\000n\000t\000r\000o\000d\000u\000c\000t\000i\000o\000n\000\040\000t\000o\000\040\000L\000a\000T\000e\000X}{section.23}% 15
\BOOKMARK [2][-]{subsection.25}{\376\377\0001\000.\0002\000.\0002\000\040\000A\000\040\000S\000h\000o\000r\000t\000\040\000M\000a\000t\000h\000\040\000G\000u\000i\000d\000e\000\040\000f\000o\000r\000\040\000L\000a\000T\000e\000X}{section.23}% 16
\BOOKMARK [2][-]{subsection.26}{\376\377\0001\000.\0002\000.\0003\000\040\000C\000o\000m\000m\000o\000n\000\040\000L\000a\000T\000e\000X\000\040\000M\000a\000t\000h\000\040\000S\000y\000m\000b\000o\000l\000s}{section.23}% 17
\BOOKMARK [2][-]{subsection.27}{\376\377\0001\000.\0002\000.\0004\000\040\000L\000a\000T\000e\000X\000\040\000o\000n\000\040\000a\000\040\000M\000a\000c}{section.23}% 18
\BOOKMARK [1][-]{section.28}{\376\377\0001\000.\0003\000\040\000G\000e\000t\000t\000i\000n\000g\000\040\000S\000t\000a\000r\000t\000e\000d\000\040\000w\000i\000t\000h\000\040\000t\000h\000i\000s\000\040\000T\000e\000m\000p\000l\000a\000t\000e}{chapter.21}% 19
\BOOKMARK [2][-]{subsection.29}{\376\377\0001\000.\0003\000.\0001\000\040\000A\000b\000o\000u\000t\000\040\000t\000h\000i\000s\000\040\000T\000e\000m\000p\000l\000a\000t\000e}{section.28}% 20
\BOOKMARK [1][-]{section.30}{\376\377\0001\000.\0004\000\040\000W\000h\000a\000t\000\040\000t\000h\000i\000s\000\040\000T\000e\000m\000p\000l\000a\000t\000e\000\040\000I\000n\000c\000l\000u\000d\000e\000s}{chapter.21}% 21
\BOOKMARK [2][-]{subsection.31}{\376\377\0001\000.\0004\000.\0001\000\040\000F\000o\000l\000d\000e\000r\000s}{section.30}% 22
\BOOKMARK [2][-]{subsection.32}{\376\377\0001\000.\0004\000.\0002\000\040\000F\000i\000l\000e\000s}{section.30}% 23
\BOOKMARK [1][-]{section.33}{\376\377\0001\000.\0005\000\040\000F\000i\000l\000l\000i\000n\000g\000\040\000i\000n\000\040\000t\000h\000e\000\040\000`\000T\000h\000e\000s\000i\000s\000.\000c\000l\000s\000'\000\040\000F\000i\000l\000e}{chapter.21}% 24
\BOOKMARK [1][-]{section.34}{\376\377\0001\000.\0006\000\040\000T\000h\000e\000\040\000`\000T\000h\000e\000s\000i\000s\000.\000t\000e\000x\000'\000\040\000F\000i\000l\000e\000\040\000E\000x\000p\000l\000a\000i\000n\000e\000d}{chapter.21}% 25
\BOOKMARK [1][-]{section.35}{\376\377\0001\000.\0007\000\040\000T\000h\000e\000s\000i\000s\000\040\000F\000e\000a\000t\000u\000r\000e\000s\000\040\000a\000n\000d\000\040\000C\000o\000n\000v\000e\000n\000t\000i\000o\000n\000s}{chapter.21}% 26
\BOOKMARK [2][-]{subsection.36}{\376\377\0001\000.\0007\000.\0001\000\040\000P\000r\000i\000n\000t\000i\000n\000g\000\040\000F\000o\000r\000m\000a\000t}{section.35}% 27
\BOOKMARK [2][-]{subsection.37}{\376\377\0001\000.\0007\000.\0002\000\040\000U\000s\000i\000n\000g\000\040\000U\000S\000\040\000L\000e\000t\000t\000e\000r\000\040\000P\000a\000p\000e\000r}{section.35}% 28
\BOOKMARK [2][-]{subsection.38}{\376\377\0001\000.\0007\000.\0003\000\040\000R\000e\000f\000e\000r\000e\000n\000c\000e\000s}{section.35}% 29
\BOOKMARK [2][-]{subsection.40}{\376\377\0001\000.\0007\000.\0004\000\040\000F\000i\000g\000u\000r\000e\000s}{section.35}% 30
\BOOKMARK [2][-]{subsection.42}{\376\377\0001\000.\0007\000.\0005\000\040\000T\000y\000p\000e\000s\000e\000t\000t\000i\000n\000g\000\040\000m\000a\000t\000h\000e\000m\000a\000t\000i\000c\000s}{section.35}% 31
\BOOKMARK [1][-]{section.44}{\376\377\0001\000.\0008\000\040\000S\000e\000c\000t\000i\000o\000n\000i\000n\000g\000\040\000a\000n\000d\000\040\000S\000u\000b\000s\000e\000c\000t\000i\000o\000n\000i\000n\000g}{chapter.21}% 32
\BOOKMARK [1][-]{section.45}{\376\377\0001\000.\0009\000\040\000I\000n\000\040\000C\000l\000o\000s\000i\000n\000g}{chapter.21}% 33
\BOOKMARK [0][-]{appendix.46}{\376\377\000A\000\040\000A\000p\000p\000e\000n\000d\000i\000x\000\040\000T\000i\000t\000l\000e\000\040\000H\000e\000r\000e}{}% 34
